<?xml version="1.0" encoding="UTF-8"?>
<!-- Generated by org.testng.reporters.JUnitXMLReporter -->
<testsuite ignored="0" hostname="5CG7387F27" failures="3" tests="4" name="Login Tests" time="29.187" errors="0" timestamp="2026-01-08T18:49:26 IST">
  <testcase classname="testcases.Login_Testcase" name="validLogin" time="1.907"/>
  <testcase classname="testcases.Login_Testcase" name="validLogin" time="2.048">
    <failure type="java.lang.AssertionError" message="Expected to be on inventory page after login expected [true] but found [false]">
      <![CDATA[java.lang.AssertionError: Expected to be on inventory page after login expected [true] but found [false]
at testcases.Login_Testcase.validLogin(Login_Testcase.java:39)
at java.base/java.util.ArrayList.forEach(ArrayList.java:1604)
... Removed 28 stack frames]]>
    </failure>
  </testcase> <!-- validLogin -->
  <testcase classname="testcases.Login_Testcase" name="validLogin" time="1.983">
    <failure type="java.lang.AssertionError" message="Expected to be on inventory page after login expected [true] but found [false]">
      <![CDATA[java.lang.AssertionError: Expected to be on inventory page after login expected [true] but found [false]
at testcases.Login_Testcase.validLogin(Login_Testcase.java:39)
at java.base/java.util.ArrayList.forEach(ArrayList.java:1604)
... Removed 28 stack frames]]>
    </failure>
  </testcase> <!-- validLogin -->
  <testcase classname="testcases.Login_Testcase" name="validLogin" time="2.023">
    <failure type="java.lang.AssertionError" message="Expected to be on inventory page after login expected [true] but found [false]">
      <![CDATA[java.lang.AssertionError: Expected to be on inventory page after login expected [true] but found [false]
at testcases.Login_Testcase.validLogin(Login_Testcase.java:39)
at java.base/java.util.ArrayList.forEach(ArrayList.java:1604)
... Removed 28 stack frames]]>
    </failure>
  </testcase> <!-- validLogin -->
</testsuite> <!-- Login Tests -->
