<?xml version="1.0" encoding="UTF-8"?>
<!-- Generated by org.testng.reporters.JUnitXMLReporter -->
<testsuite ignored="0" hostname="5CG7387F27" failures="3" tests="4" name="Login Functional Tests with Data-Driven" time="26.083" errors="0" timestamp="2026-01-13T14:27:56 IST">
  <testcase classname="testcases.Login_Testcase" name="login_testcase" time="1.82"/>
  <testcase classname="testcases.Login_Testcase" name="login_testcase" time="1.858">
    <failure type="java.lang.AssertionError" message="Expected to be on inventory page after login expected [true] but found [false]">
      <![CDATA[java.lang.AssertionError: Expected to be on inventory page after login expected [true] but found [false]
at testcases.Login_Testcase.login_testcase(Login_Testcase.java:39)
at java.base/java.util.ArrayList.forEach(ArrayList.java:1604)
... Removed 28 stack frames]]>
    </failure>
  </testcase> <!-- login_testcase -->
  <testcase classname="testcases.Login_Testcase" name="login_testcase" time="2.031">
    <failure type="java.lang.AssertionError" message="Expected to be on inventory page after login expected [true] but found [false]">
      <![CDATA[java.lang.AssertionError: Expected to be on inventory page after login expected [true] but found [false]
at testcases.Login_Testcase.login_testcase(Login_Testcase.java:39)
at java.base/java.util.ArrayList.forEach(ArrayList.java:1604)
... Removed 28 stack frames]]>
    </failure>
  </testcase> <!-- login_testcase -->
  <testcase classname="testcases.Login_Testcase" name="login_testcase" time="1.847">
    <failure type="java.lang.AssertionError" message="Expected to be on inventory page after login expected [true] but found [false]">
      <![CDATA[java.lang.AssertionError: Expected to be on inventory page after login expected [true] but found [false]
at testcases.Login_Testcase.login_testcase(Login_Testcase.java:39)
at java.base/java.util.ArrayList.forEach(ArrayList.java:1604)
... Removed 28 stack frames]]>
    </failure>
  </testcase> <!-- login_testcase -->
</testsuite> <!-- Login Functional Tests with Data-Driven -->
