<?xml version="1.0" encoding="UTF-8"?>
<!-- Generated by org.testng.reporters.JUnitXMLReporter -->
<testsuite ignored="0" hostname="5CG7387F27" failures="2" tests="2" name="Login Functional Tests with Data-Driven" time="6.77" errors="0" timestamp="2025-12-17T11:37:41 IST">
  <testcase classname="testcases.Login_Testcase" name="testLoginWithInvalidCredentials" time="0.012">
    <failure type="java.lang.RuntimeException" message="Failed to capture screenshot: Cannot invoke &amp;quot;org.openqa.selenium.TakesScreenshot.getScreenshotAs(org.openqa.selenium.OutputType)&amp;quot; because &amp;quot;driver&amp;quot; is null">
      <![CDATA[java.lang.RuntimeException: Failed to capture screenshot: Cannot invoke "org.openqa.selenium.TakesScreenshot.getScreenshotAs(org.openqa.selenium.OutputType)" because "driver" is null
at utilities.ScreenShot_Utils.captureScreenshot(ScreenShot_Utils.java:40)
at testcases.Login_Testcase.testLoginWithInvalidCredentials(Login_Testcase.java:193)
at java.base/java.util.ArrayList.forEach(ArrayList.java:1596)
... Removed 25 stack frames]]>
    </failure>
  </testcase> <!-- testLoginWithInvalidCredentials -->
  <testcase classname="testcases.Login_Testcase" name="testLoginWithValidCredentials" time="0.0">
    <failure type="java.lang.RuntimeException" message="java.lang.RuntimeException: Failed to load Excel file: null">
      <![CDATA[java.lang.RuntimeException: java.lang.RuntimeException: Failed to load Excel file: null
at java.base/java.util.ArrayList.forEach(ArrayList.java:1596)
Caused by: java.lang.RuntimeException: Failed to load Excel file: null
at utilities.Excel_File_Reader.<init>(Excel_File_Reader.java:43)
at testcases.Login_Testcase.getLoginData(Login_Testcase.java:33)
... 25 more
... Removed 30 stack frames]]>
    </failure>
  </testcase> <!-- testLoginWithValidCredentials -->
</testsuite> <!-- Login Functional Tests with Data-Driven -->
