2025-12-10 18:28:38 [INFO] Requested Browser: firefox
2025-12-10 18:28:38 [INFO] Launching Firefox Browser...
2025-12-10 18:28:42 [ERROR] FAILED to launch browser: Could not start a new session. Response code 500. Message: Process unexpectedly closed with status 0 
Host info: host: '5CG7387F27', ip: '192.168.0.115'
Build info: version: '4.38.0', revision: '6b412e825c*'
System info: os.name: 'Windows 10', os.arch: 'amd64', os.version: '10.0', java.version: '21.0.7'
Driver info: org.openqa.selenium.firefox.FirefoxDriver
Command: [null, newSession {capabilities=[Capabilities {acceptInsecureCerts: true, browserName: firefox, moz:firefoxOptions: {prefs: {remote.active-protocols: 1}}}]}]
org.openqa.selenium.SessionNotCreatedException: Could not start a new session. Response code 500. Message: Process unexpectedly closed with status 0 
Host info: host: '5CG7387F27', ip: '192.168.0.115'
Build info: version: '4.38.0', revision: '6b412e825c*'
System info: os.name: 'Windows 10', os.arch: 'amd64', os.version: '10.0', java.version: '21.0.7'
Driver info: org.openqa.selenium.firefox.FirefoxDriver
Command: [null, newSession {capabilities=[Capabilities {acceptInsecureCerts: true, browserName: firefox, moz:firefoxOptions: {prefs: {remote.active-protocols: 1}}}]}]
	at org.openqa.selenium.remote.ProtocolHandshake.createSession(ProtocolHandshake.java:114) ~[selenium-remote-driver-4.38.0.jar:?]
	at org.openqa.selenium.remote.ProtocolHandshake.createSession(ProtocolHandshake.java:75) ~[selenium-remote-driver-4.38.0.jar:?]
	at org.openqa.selenium.remote.ProtocolHandshake.createSession(ProtocolHandshake.java:61) ~[selenium-remote-driver-4.38.0.jar:?]
	at org.openqa.selenium.remote.HttpCommandExecutor.execute(HttpCommandExecutor.java:187) ~[selenium-remote-driver-4.38.0.jar:?]
	at org.openqa.selenium.remote.service.DriverCommandExecutor.invokeExecute(DriverCommandExecutor.java:216) ~[selenium-remote-driver-4.38.0.jar:?]
	at org.openqa.selenium.remote.service.DriverCommandExecutor.execute(DriverCommandExecutor.java:174) ~[selenium-remote-driver-4.38.0.jar:?]
	at org.openqa.selenium.remote.RemoteWebDriver.execute(RemoteWebDriver.java:557) ~[selenium-remote-driver-4.38.0.jar:?]
	at org.openqa.selenium.remote.RemoteWebDriver.startSession(RemoteWebDriver.java:246) ~[selenium-remote-driver-4.38.0.jar:?]
	at org.openqa.selenium.remote.RemoteWebDriver.<init>(RemoteWebDriver.java:174) ~[selenium-remote-driver-4.38.0.jar:?]
	at org.openqa.selenium.firefox.FirefoxDriver.<init>(FirefoxDriver.java:137) ~[selenium-firefox-driver-4.38.0.jar:?]
	at org.openqa.selenium.firefox.FirefoxDriver.<init>(FirefoxDriver.java:132) ~[selenium-firefox-driver-4.38.0.jar:?]
	at org.openqa.selenium.firefox.FirefoxDriver.<init>(FirefoxDriver.java:114) ~[selenium-firefox-driver-4.38.0.jar:?]
	at org.openqa.selenium.firefox.FirefoxDriver.<init>(FirefoxDriver.java:109) ~[selenium-firefox-driver-4.38.0.jar:?]
	at org.openqa.selenium.firefox.FirefoxDriver.<init>(FirefoxDriver.java:94) ~[selenium-firefox-driver-4.38.0.jar:?]
	at org.openqa.selenium.firefox.FirefoxDriver.<init>(FirefoxDriver.java:84) ~[selenium-firefox-driver-4.38.0.jar:?]
	at utilities.WebDriver_Utils.initializeDriver(WebDriver_Utils.java:29) ~[classes/:?]
	at helper.BaseClass.openBrowser_Steup(BaseClass.java:17) ~[classes/:?]
	at java.base/jdk.internal.reflect.DirectMethodHandleAccessor.invoke(DirectMethodHandleAccessor.java:103) ~[?:?]
	at java.base/java.lang.reflect.Method.invoke(Method.java:580) ~[?:?]
	at org.testng.internal.invokers.MethodInvocationHelper.invokeMethod(MethodInvocationHelper.java:141) ~[org.testng_7.11.0.r202503091654.jar:7.11.0]
	at org.testng.internal.invokers.MethodInvocationHelper.invokeMethodConsideringTimeout(MethodInvocationHelper.java:71) ~[org.testng_7.11.0.r202503091654.jar:7.11.0]
	at org.testng.internal.invokers.ConfigInvoker.invokeConfigurationMethod(ConfigInvoker.java:400) ~[org.testng_7.11.0.r202503091654.jar:7.11.0]
	at org.testng.internal.invokers.ConfigInvoker.invokeConfigurations(ConfigInvoker.java:333) ~[org.testng_7.11.0.r202503091654.jar:7.11.0]
	at org.testng.internal.invokers.TestInvoker.runConfigMethods(TestInvoker.java:836) ~[org.testng_7.11.0.r202503091654.jar:7.11.0]
	at org.testng.internal.invokers.TestInvoker.invokeMethod(TestInvoker.java:601) ~[org.testng_7.11.0.r202503091654.jar:7.11.0]
	at org.testng.internal.invokers.TestInvoker.invokeTestMethod(TestInvoker.java:230) ~[org.testng_7.11.0.r202503091654.jar:7.11.0]
	at org.testng.internal.invokers.MethodRunner.runInSequence(MethodRunner.java:63) ~[org.testng_7.11.0.r202503091654.jar:7.11.0]
	at org.testng.internal.invokers.TestInvoker$MethodInvocationAgent.invoke(TestInvoker.java:995) ~[org.testng_7.11.0.r202503091654.jar:7.11.0]
	at org.testng.internal.invokers.TestInvoker.invokeTestMethods(TestInvoker.java:203) ~[org.testng_7.11.0.r202503091654.jar:7.11.0]
	at org.testng.internal.invokers.TestMethodWorker.invokeTestMethods(TestMethodWorker.java:154) ~[org.testng_7.11.0.r202503091654.jar:7.11.0]
	at org.testng.internal.invokers.TestMethodWorker.run(TestMethodWorker.java:134) ~[org.testng_7.11.0.r202503091654.jar:7.11.0]
	at java.base/java.util.ArrayList.forEach(ArrayList.java:1596) [?:?]
	at org.testng.TestRunner.privateRun(TestRunner.java:741) [org.testng_7.11.0.r202503091654.jar:7.11.0]
	at org.testng.TestRunner.run(TestRunner.java:616) [org.testng_7.11.0.r202503091654.jar:7.11.0]
	at org.testng.SuiteRunner.runTest(SuiteRunner.java:421) [org.testng_7.11.0.r202503091654.jar:7.11.0]
	at org.testng.SuiteRunner.runSequentially(SuiteRunner.java:413) [org.testng_7.11.0.r202503091654.jar:7.11.0]
	at org.testng.SuiteRunner.privateRun(SuiteRunner.java:373) [org.testng_7.11.0.r202503091654.jar:7.11.0]
	at org.testng.SuiteRunner.run(SuiteRunner.java:312) [org.testng_7.11.0.r202503091654.jar:7.11.0]
	at org.testng.SuiteRunnerWorker.runSuite(SuiteRunnerWorker.java:52) [org.testng_7.11.0.r202503091654.jar:7.11.0]
	at org.testng.SuiteRunnerWorker.run(SuiteRunnerWorker.java:95) [org.testng_7.11.0.r202503091654.jar:7.11.0]
	at org.testng.TestNG.runSuitesSequentially(TestNG.java:1274) [org.testng_7.11.0.r202503091654.jar:7.11.0]
	at org.testng.TestNG.runSuitesLocally(TestNG.java:1208) [org.testng_7.11.0.r202503091654.jar:7.11.0]
	at org.testng.TestNG.runSuites(TestNG.java:1112) [org.testng_7.11.0.r202503091654.jar:7.11.0]
	at org.testng.TestNG.run(TestNG.java:1079) [org.testng_7.11.0.r202503091654.jar:7.11.0]
	at org.testng.remote.AbstractRemoteTestNG.run(AbstractRemoteTestNG.java:115) [testng-remote.jar:?]
	at org.testng.remote.RemoteTestNG.initAndRun(RemoteTestNG.java:293) [testng-remote.jar:?]
	at org.testng.remote.RemoteTestNG.main(RemoteTestNG.java:91) [testng-remote.jar:?]
2025-12-10 18:28:42 [INFO] Returning WebDriver instance...
2025-12-10 18:43:08 [INFO] Requested Browser: chrome
2025-12-10 18:43:08 [INFO] Launching Chrome Browser...
2025-12-10 18:43:14 [INFO] Browser successfully launched.
2025-12-10 18:43:14 [INFO] Returning WebDriver instance...
2025-12-11 14:25:51 [INFO] Requested Browser: chrome
2025-12-11 14:25:51 [INFO] Launching Chrome Browser...
2025-12-11 14:25:55 [INFO] Browser successfully launched.
2025-12-11 14:25:55 [INFO] Returning WebDriver instance...
2025-12-11 14:29:10 [INFO] Requested Browser: chrome
2025-12-11 14:29:10 [INFO] Launching Chrome Browser...
2025-12-11 14:29:14 [INFO] Browser successfully launched.
2025-12-11 14:29:14 [INFO] Returning WebDriver instance...
2025-12-11 14:41:17 [INFO] Requested Browser: chrome
2025-12-11 14:41:17 [INFO] Launching Chrome Browser...
2025-12-11 14:41:21 [INFO] Browser successfully launched.
2025-12-11 14:41:21 [INFO] Returning WebDriver instance...
2025-12-11 15:17:10 [INFO] Requested Browser: chrome
2025-12-11 15:17:10 [INFO] Launching Chrome Browser...
2025-12-11 15:17:14 [INFO] Browser successfully launched.
2025-12-11 15:17:14 [INFO] Returning WebDriver instance...
2025-12-11 15:24:04 [INFO] Requested Browser: chrome
2025-12-11 15:24:04 [INFO] Launching Chrome Browser...
2025-12-11 15:24:08 [INFO] Browser successfully launched.
2025-12-11 15:24:08 [INFO] Returning WebDriver instance...
2025-12-11 15:43:44 [INFO] Requested Browser: chrome
2025-12-11 15:43:44 [INFO] Launching Chrome Browser...
2025-12-11 15:43:48 [INFO] Browser successfully launched.
2025-12-11 15:43:48 [INFO] Returning WebDriver instance...
2025-12-16 14:39:24 [INFO] === Test: testLoginPageLoad Started ===
2025-12-16 14:39:24 [INFO] Verifying login page elements
2025-12-16 14:39:24 [INFO] Checking if login page is loaded
2025-12-16 14:39:24 [INFO] Login page is not loaded
2025-12-16 14:39:24 [ERROR] Test failed: Login page is not loaded expected [true] but found [false]
2025-12-16 14:39:24 [ERROR] Error capturing screenshot: Cannot invoke "org.openqa.selenium.TakesScreenshot.getScreenshotAs(org.openqa.selenium.OutputType)" because "driver" is null
2025-12-16 14:39:24 [INFO] === Test: testLoginPageTitle Started ===
2025-12-16 14:39:24 [INFO] Verifying page title
2025-12-16 14:39:24 [INFO] Verifying page title contains: Swag Labs
2025-12-16 14:39:24 [INFO] Getting page title
2025-12-16 14:39:24 [INFO] === Test: testLoginWithInvalidCredentials Started ===
2025-12-16 14:39:24 [INFO] Attempting login with invalid credentials
2025-12-16 14:39:24 [INFO] Attempting login with username: invalid_user
2025-12-16 14:39:24 [INFO] Entering username: invalid_user
2025-12-16 14:39:24 [ERROR] Element not visible within timeout: By.id: user-name - Cannot invoke "org.openqa.selenium.WebDriver.findElement(org.openqa.selenium.By)" because "driver" is null
2025-12-16 14:39:24 [ERROR] Error entering username: Cannot invoke "org.openqa.selenium.WebDriver.findElement(org.openqa.selenium.By)" because "driver" is null
2025-12-16 14:39:24 [ERROR] Error during login: Cannot invoke "org.openqa.selenium.WebDriver.findElement(org.openqa.selenium.By)" because "driver" is null
2025-12-16 14:39:24 [ERROR] Unexpected error in test: Cannot invoke "org.openqa.selenium.WebDriver.findElement(org.openqa.selenium.By)" because "driver" is null
2025-12-16 14:39:24 [ERROR] Error capturing screenshot: Cannot invoke "org.openqa.selenium.TakesScreenshot.getScreenshotAs(org.openqa.selenium.OutputType)" because "driver" is null
2025-12-16 14:39:24 [INFO] Reading test data from Excel file
2025-12-16 14:39:24 [ERROR] Error loading Excel file: null
2025-12-16 14:39:25 [INFO] === Test: testLoginPageLoad Started ===
2025-12-16 14:39:25 [INFO] Verifying login page elements
2025-12-16 14:39:25 [INFO] Checking if login page is loaded
2025-12-16 14:39:25 [INFO] Login page is not loaded
2025-12-16 14:39:25 [ERROR] Test failed: Login page is not loaded expected [true] but found [false]
2025-12-16 14:39:25 [ERROR] Error capturing screenshot: Cannot invoke "org.openqa.selenium.TakesScreenshot.getScreenshotAs(org.openqa.selenium.OutputType)" because "driver" is null
2025-12-16 14:39:25 [INFO] === Test: testLoginPageTitle Started ===
2025-12-16 14:39:25 [INFO] Verifying page title
2025-12-16 14:39:25 [INFO] Verifying page title contains: Swag Labs
2025-12-16 14:39:25 [INFO] Getting page title
2025-12-16 14:39:25 [INFO] === Test: testLoginWithInvalidCredentials Started ===
2025-12-16 14:39:25 [INFO] Attempting login with invalid credentials
2025-12-16 14:39:25 [INFO] Attempting login with username: invalid_user
2025-12-16 14:39:25 [INFO] Entering username: invalid_user
2025-12-16 14:39:25 [ERROR] Element not visible within timeout: By.id: user-name - Cannot invoke "org.openqa.selenium.WebDriver.findElement(org.openqa.selenium.By)" because "driver" is null
2025-12-16 14:39:25 [ERROR] Error entering username: Cannot invoke "org.openqa.selenium.WebDriver.findElement(org.openqa.selenium.By)" because "driver" is null
2025-12-16 14:39:25 [ERROR] Error during login: Cannot invoke "org.openqa.selenium.WebDriver.findElement(org.openqa.selenium.By)" because "driver" is null
2025-12-16 14:39:25 [ERROR] Unexpected error in test: Cannot invoke "org.openqa.selenium.WebDriver.findElement(org.openqa.selenium.By)" because "driver" is null
2025-12-16 14:39:25 [ERROR] Error capturing screenshot: Cannot invoke "org.openqa.selenium.TakesScreenshot.getScreenshotAs(org.openqa.selenium.OutputType)" because "driver" is null
2025-12-16 14:39:25 [INFO] Reading test data from Excel file
2025-12-16 14:39:25 [ERROR] Error loading Excel file: null
2025-12-16 16:17:30 [INFO] Initializing WebDriver
2025-12-16 16:17:30 [INFO] Initializing browser: firefox
2025-12-16 16:17:37 [INFO] Firefox browser initialized successfully
2025-12-16 16:17:39 [INFO] === Test: testLoginPageLoad Started ===
2025-12-16 16:17:40 [INFO] Page initialized with PageFactory
2025-12-16 16:17:40 [INFO] LoginPage initialized
2025-12-16 16:17:40 [INFO] Verifying login page elements
2025-12-16 16:17:40 [INFO] Checking if login page is loaded
2025-12-16 16:17:40 [INFO] Login page is not loaded
2025-12-16 16:17:40 [ERROR] Test failed: Login page is not loaded expected [true] but found [false]
2025-12-16 16:17:40 [ERROR] Error capturing screenshot: Cannot invoke "org.openqa.selenium.TakesScreenshot.getScreenshotAs(org.openqa.selenium.OutputType)" because "driver" is null
2025-12-16 16:17:40 [INFO] Closing browser
2025-12-16 16:17:42 [INFO] Initializing WebDriver
2025-12-16 16:17:42 [INFO] Initializing browser: firefox
2025-12-16 16:17:46 [INFO] Firefox browser initialized successfully
2025-12-16 16:17:47 [INFO] === Test: testLoginPageTitle Started ===
2025-12-16 16:17:47 [INFO] Page initialized with PageFactory
2025-12-16 16:17:47 [INFO] LoginPage initialized
2025-12-16 16:17:47 [INFO] Verifying page title
2025-12-16 16:17:47 [INFO] Verifying page title contains: Swag Labs
2025-12-16 16:17:47 [INFO] Getting page title
2025-12-16 16:17:47 [INFO] Closing browser
2025-12-16 16:17:50 [INFO] Initializing WebDriver
2025-12-16 16:17:50 [INFO] Initializing browser: firefox
2025-12-16 16:17:54 [INFO] Firefox browser initialized successfully
2025-12-16 16:17:55 [INFO] === Test: testLoginWithInvalidCredentials Started ===
2025-12-16 16:17:55 [INFO] Page initialized with PageFactory
2025-12-16 16:17:55 [INFO] LoginPage initialized
2025-12-16 16:17:55 [INFO] Attempting login with invalid credentials
2025-12-16 16:17:55 [INFO] Attempting login with username: invalid_user
2025-12-16 16:17:55 [INFO] Entering username: invalid_user
2025-12-16 16:17:55 [ERROR] Element not visible within timeout: By.id: user-name - Cannot invoke "org.openqa.selenium.WebDriver.findElement(org.openqa.selenium.By)" because "driver" is null
2025-12-16 16:17:55 [ERROR] Error entering username: Cannot invoke "org.openqa.selenium.WebDriver.findElement(org.openqa.selenium.By)" because "driver" is null
2025-12-16 16:17:55 [ERROR] Error during login: Cannot invoke "org.openqa.selenium.WebDriver.findElement(org.openqa.selenium.By)" because "driver" is null
2025-12-16 16:17:55 [ERROR] Unexpected error in test: Cannot invoke "org.openqa.selenium.WebDriver.findElement(org.openqa.selenium.By)" because "driver" is null
2025-12-16 16:17:55 [ERROR] Error capturing screenshot: Cannot invoke "org.openqa.selenium.TakesScreenshot.getScreenshotAs(org.openqa.selenium.OutputType)" because "driver" is null
2025-12-16 16:17:55 [INFO] Closing browser
2025-12-16 16:17:57 [INFO] Reading test data from Excel file
2025-12-16 16:17:57 [ERROR] Error loading Excel file: null
2025-12-16 16:17:58 [INFO] Initializing WebDriver
2025-12-16 16:17:58 [INFO] Initializing browser: firefox
2025-12-16 16:18:02 [INFO] Firefox browser initialized successfully
2025-12-16 16:18:04 [INFO] === Test: testLoginPageLoad Started ===
2025-12-16 16:18:04 [INFO] Page initialized with PageFactory
2025-12-16 16:18:04 [INFO] LoginPage initialized
2025-12-16 16:18:04 [INFO] Verifying login page elements
2025-12-16 16:18:04 [INFO] Checking if login page is loaded
2025-12-16 16:18:04 [INFO] Login page is not loaded
2025-12-16 16:18:04 [ERROR] Test failed: Login page is not loaded expected [true] but found [false]
2025-12-16 16:18:04 [ERROR] Error capturing screenshot: Cannot invoke "org.openqa.selenium.TakesScreenshot.getScreenshotAs(org.openqa.selenium.OutputType)" because "driver" is null
2025-12-16 16:18:04 [INFO] Closing browser
2025-12-16 16:18:06 [INFO] Initializing WebDriver
2025-12-16 16:18:06 [INFO] Initializing browser: firefox
2025-12-16 16:18:10 [INFO] Firefox browser initialized successfully
2025-12-16 16:18:12 [INFO] === Test: testLoginPageTitle Started ===
2025-12-16 16:18:12 [INFO] Page initialized with PageFactory
2025-12-16 16:18:12 [INFO] LoginPage initialized
2025-12-16 16:18:12 [INFO] Verifying page title
2025-12-16 16:18:12 [INFO] Verifying page title contains: Swag Labs
2025-12-16 16:18:12 [INFO] Getting page title
2025-12-16 16:18:12 [INFO] Closing browser
2025-12-16 16:18:14 [INFO] Initializing WebDriver
2025-12-16 16:18:14 [INFO] Initializing browser: firefox
2025-12-16 16:18:18 [INFO] Firefox browser initialized successfully
2025-12-16 16:18:20 [INFO] === Test: testLoginWithInvalidCredentials Started ===
2025-12-16 16:18:20 [INFO] Page initialized with PageFactory
2025-12-16 16:18:20 [INFO] LoginPage initialized
2025-12-16 16:18:20 [INFO] Attempting login with invalid credentials
2025-12-16 16:18:20 [INFO] Attempting login with username: invalid_user
2025-12-16 16:18:20 [INFO] Entering username: invalid_user
2025-12-16 16:18:20 [ERROR] Element not visible within timeout: By.id: user-name - Cannot invoke "org.openqa.selenium.WebDriver.findElement(org.openqa.selenium.By)" because "driver" is null
2025-12-16 16:18:20 [ERROR] Error entering username: Cannot invoke "org.openqa.selenium.WebDriver.findElement(org.openqa.selenium.By)" because "driver" is null
2025-12-16 16:18:20 [ERROR] Error during login: Cannot invoke "org.openqa.selenium.WebDriver.findElement(org.openqa.selenium.By)" because "driver" is null
2025-12-16 16:18:20 [ERROR] Unexpected error in test: Cannot invoke "org.openqa.selenium.WebDriver.findElement(org.openqa.selenium.By)" because "driver" is null
2025-12-16 16:18:20 [ERROR] Error capturing screenshot: Cannot invoke "org.openqa.selenium.TakesScreenshot.getScreenshotAs(org.openqa.selenium.OutputType)" because "driver" is null
2025-12-16 16:18:20 [INFO] Closing browser
2025-12-16 16:18:22 [INFO] Reading test data from Excel file
2025-12-16 16:18:22 [ERROR] Error loading Excel file: null
2025-12-16 16:29:35 [INFO] Initializing WebDriver
2025-12-16 16:29:35 [INFO] Initializing browser: firefox
2025-12-16 16:29:42 [INFO] Firefox browser initialized successfully
2025-12-16 16:29:43 [INFO] === Test: testLoginPageLoad Started ===
2025-12-16 16:29:43 [INFO] Page initialized with PageFactory
2025-12-16 16:29:43 [INFO] LoginPage initialized
2025-12-16 16:29:43 [INFO] Verifying login page elements
2025-12-16 16:29:43 [INFO] Checking if login page is loaded
2025-12-16 16:29:43 [INFO] Login page is not loaded
2025-12-16 16:29:43 [ERROR] Test failed: Login page is not loaded expected [true] but found [false]
2025-12-16 16:29:43 [ERROR] Error capturing screenshot: Cannot invoke "org.openqa.selenium.TakesScreenshot.getScreenshotAs(org.openqa.selenium.OutputType)" because "driver" is null
2025-12-16 16:29:43 [INFO] Closing browser
2025-12-16 16:29:45 [INFO] Initializing WebDriver
2025-12-16 16:29:45 [INFO] Initializing browser: firefox
2025-12-16 16:29:50 [INFO] Firefox browser initialized successfully
2025-12-16 16:29:51 [INFO] === Test: testLoginPageTitle Started ===
2025-12-16 16:29:51 [INFO] Page initialized with PageFactory
2025-12-16 16:29:51 [INFO] LoginPage initialized
2025-12-16 16:29:51 [INFO] Verifying page title
2025-12-16 16:29:51 [INFO] Verifying page title contains: Swag Labs
2025-12-16 16:29:51 [INFO] Getting page title
2025-12-16 16:29:51 [INFO] Closing browser
2025-12-16 16:29:53 [INFO] Initializing WebDriver
2025-12-16 16:29:53 [INFO] Initializing browser: firefox
2025-12-16 16:29:58 [INFO] Firefox browser initialized successfully
2025-12-16 16:29:59 [INFO] === Test: testLoginWithInvalidCredentials Started ===
2025-12-16 16:29:59 [INFO] Page initialized with PageFactory
2025-12-16 16:29:59 [INFO] LoginPage initialized
2025-12-16 16:29:59 [INFO] Attempting login with invalid credentials
2025-12-16 16:29:59 [INFO] Attempting login with username: invalid_user
2025-12-16 16:29:59 [INFO] Entering username: invalid_user
2025-12-16 16:29:59 [ERROR] Element not visible within timeout: By.id: user-name - Cannot invoke "org.openqa.selenium.WebDriver.findElement(org.openqa.selenium.By)" because "driver" is null
2025-12-16 16:29:59 [ERROR] Error entering username: Cannot invoke "org.openqa.selenium.WebDriver.findElement(org.openqa.selenium.By)" because "driver" is null
2025-12-16 16:29:59 [ERROR] Error during login: Cannot invoke "org.openqa.selenium.WebDriver.findElement(org.openqa.selenium.By)" because "driver" is null
2025-12-16 16:29:59 [ERROR] Unexpected error in test: Cannot invoke "org.openqa.selenium.WebDriver.findElement(org.openqa.selenium.By)" because "driver" is null
2025-12-16 16:29:59 [ERROR] Error capturing screenshot: Cannot invoke "org.openqa.selenium.TakesScreenshot.getScreenshotAs(org.openqa.selenium.OutputType)" because "driver" is null
2025-12-16 16:29:59 [INFO] Closing browser
2025-12-16 16:30:02 [INFO] Reading test data from Excel file
2025-12-16 16:30:02 [ERROR] Error loading Excel file: null
2025-12-17 11:37:23 [INFO] Initializing WebDriver
2025-12-17 11:37:23 [INFO] Initializing browser: firefox
2025-12-17 11:37:31 [INFO] Firefox browser initialized successfully
2025-12-17 11:37:32 [INFO] === Test: testLoginWithInvalidCredentials Started ===
2025-12-17 11:37:32 [INFO] Page initialized with PageFactory
2025-12-17 11:37:32 [INFO] LoginPage initialized
2025-12-17 11:37:32 [INFO] Attempting login with invalid credentials
2025-12-17 11:37:32 [INFO] Attempting login with username: invalid_user
2025-12-17 11:37:32 [INFO] Entering username: invalid_user
2025-12-17 11:37:32 [ERROR] Element not visible within timeout: By.id: user-name - Cannot invoke "org.openqa.selenium.WebDriver.findElement(org.openqa.selenium.By)" because "driver" is null
2025-12-17 11:37:32 [ERROR] Error entering username: Cannot invoke "org.openqa.selenium.WebDriver.findElement(org.openqa.selenium.By)" because "driver" is null
2025-12-17 11:37:32 [ERROR] Error during login: Cannot invoke "org.openqa.selenium.WebDriver.findElement(org.openqa.selenium.By)" because "driver" is null
2025-12-17 11:37:32 [ERROR] Unexpected error in test: Cannot invoke "org.openqa.selenium.WebDriver.findElement(org.openqa.selenium.By)" because "driver" is null
2025-12-17 11:37:32 [ERROR] Error capturing screenshot: Cannot invoke "org.openqa.selenium.TakesScreenshot.getScreenshotAs(org.openqa.selenium.OutputType)" because "driver" is null
2025-12-17 11:37:32 [INFO] Closing browser
2025-12-17 11:37:34 [INFO] Reading test data from Excel file
2025-12-17 11:37:34 [ERROR] Error loading Excel file: null
2025-12-17 11:37:34 [INFO] Initializing WebDriver
2025-12-17 11:37:34 [INFO] Initializing browser: firefox
2025-12-17 11:37:38 [INFO] Firefox browser initialized successfully
2025-12-17 11:37:39 [INFO] === Test: testLoginWithInvalidCredentials Started ===
2025-12-17 11:37:39 [INFO] Page initialized with PageFactory
2025-12-17 11:37:39 [INFO] LoginPage initialized
2025-12-17 11:37:39 [INFO] Attempting login with invalid credentials
2025-12-17 11:37:39 [INFO] Attempting login with username: invalid_user
2025-12-17 11:37:39 [INFO] Entering username: invalid_user
2025-12-17 11:37:39 [ERROR] Element not visible within timeout: By.id: user-name - Cannot invoke "org.openqa.selenium.WebDriver.findElement(org.openqa.selenium.By)" because "driver" is null
2025-12-17 11:37:39 [ERROR] Error entering username: Cannot invoke "org.openqa.selenium.WebDriver.findElement(org.openqa.selenium.By)" because "driver" is null
2025-12-17 11:37:39 [ERROR] Error during login: Cannot invoke "org.openqa.selenium.WebDriver.findElement(org.openqa.selenium.By)" because "driver" is null
2025-12-17 11:37:39 [ERROR] Unexpected error in test: Cannot invoke "org.openqa.selenium.WebDriver.findElement(org.openqa.selenium.By)" because "driver" is null
2025-12-17 11:37:39 [ERROR] Error capturing screenshot: Cannot invoke "org.openqa.selenium.TakesScreenshot.getScreenshotAs(org.openqa.selenium.OutputType)" because "driver" is null
2025-12-17 11:37:39 [INFO] Closing browser
2025-12-17 11:37:41 [INFO] Reading test data from Excel file
2025-12-17 11:37:41 [ERROR] Error loading Excel file: null
2025-12-17 15:34:25 [INFO] ExtentReports initialized at C:\Users\hp\Documents\SELENIUM_WORKSPACE\saucedemo/test-output/ExtentReport.html
2025-12-17 15:34:31 [INFO] Browser started and navigated to saucedemo
2025-12-17 15:34:32 [INFO] Starting login test for user standard_user
2025-12-17 15:34:32 [INFO] Entered username: standard_user
2025-12-17 15:34:32 [INFO] Entered password
2025-12-17 15:34:32 [INFO] Clicked login button
2025-12-17 15:34:34 [INFO] Browser closed
2025-12-17 15:34:34 [INFO] ExtentReports flushed
2025-12-17 16:39:44 [INFO] ExtentReports initialized at C:\Users\hp\Documents\SELENIUM_WORKSPACE\saucedemo/test-output/ExtentReport.html
2025-12-17 16:39:50 [INFO] Browser started and navigated to saucedemo
2025-12-17 16:39:50 [INFO] Starting login test for user standard_user
2025-12-17 16:39:50 [INFO] Entered username: standard_user
2025-12-17 16:39:51 [INFO] Entered password
2025-12-17 16:39:51 [INFO] Clicked login button
2025-12-17 16:39:52 [INFO] Browser closed
2025-12-17 16:39:53 [INFO] ExtentReports flushed
2025-12-17 16:45:54 [INFO] ExtentReports initialized at C:\Users\hp\Documents\SELENIUM_WORKSPACE\saucedemo/test-output/ExtentReport.html
2025-12-17 16:45:59 [INFO] Browser started and navigated to saucedemo
2025-12-17 16:45:59 [INFO] Starting login test for user standard_user
2025-12-17 16:46:00 [INFO] Entered username: standard_user
2025-12-17 16:46:00 [INFO] Entered password
2025-12-17 16:46:00 [INFO] Clicked login button
2025-12-17 16:46:02 [INFO] Browser closed
2025-12-17 16:46:04 [INFO] Browser started and navigated to saucedemo
2025-12-17 16:46:04 [INFO] Starting login test for user standard_user
2025-12-17 16:46:04 [INFO] Entered username: standard_user
2025-12-17 16:46:04 [INFO] Entered password
2025-12-17 16:46:05 [INFO] Clicked login button
2025-12-17 16:46:06 [INFO] Browser closed
2025-12-17 16:46:08 [INFO] Browser started and navigated to saucedemo
2025-12-17 16:46:08 [INFO] Starting login test for user userdemo
2025-12-17 16:46:09 [INFO] Entered username: userdemo
2025-12-17 16:46:09 [INFO] Entered password
2025-12-17 16:46:09 [INFO] Clicked login button
2025-12-17 16:46:10 [INFO] Browser closed
2025-12-17 16:46:12 [INFO] Browser started and navigated to saucedemo
2025-12-17 16:46:12 [INFO] Starting login test for user userdemo
2025-12-17 16:46:13 [INFO] Entered username: userdemo
2025-12-17 16:46:13 [INFO] Entered password
2025-12-17 16:46:13 [INFO] Clicked login button
2025-12-17 16:46:14 [INFO] Browser closed
2025-12-17 16:46:15 [INFO] ExtentReports flushed
2025-12-17 16:54:41 [INFO] ExtentReports initialized at C:\Users\hp\Documents\SELENIUM_WORKSPACE\saucedemo/test-output/ExtentReport.html
2025-12-17 16:54:47 [INFO] Browser started and navigated to saucedemo
2025-12-17 16:54:47 [INFO] Starting login test for user standard_user
2025-12-17 16:54:47 [INFO] Entered username: standard_user
2025-12-17 16:54:48 [INFO] Entered password
2025-12-17 16:54:48 [INFO] Clicked login button
2025-12-17 16:54:49 [INFO] Browser closed
2025-12-17 16:54:52 [INFO] Browser started and navigated to saucedemo
2025-12-17 16:54:52 [INFO] Starting login test for user standard_user
2025-12-17 16:54:52 [INFO] Entered username: standard_user
2025-12-17 16:54:52 [INFO] Entered password
2025-12-17 16:54:52 [INFO] Clicked login button
2025-12-17 16:54:54 [INFO] Browser closed
2025-12-17 16:54:56 [INFO] Browser started and navigated to saucedemo
2025-12-17 16:54:56 [INFO] Starting login test for user userdemo
2025-12-17 16:54:57 [INFO] Entered username: userdemo
2025-12-17 16:54:57 [INFO] Entered password
2025-12-17 16:54:57 [INFO] Clicked login button
2025-12-17 16:54:59 [INFO] Browser closed
2025-12-17 16:55:02 [INFO] Browser started and navigated to saucedemo
2025-12-17 16:55:02 [INFO] Starting login test for user userdemo
2025-12-17 16:55:02 [INFO] Entered username: userdemo
2025-12-17 16:55:02 [INFO] Entered password
2025-12-17 16:55:02 [INFO] Clicked login button
2025-12-17 16:55:04 [INFO] Browser closed
2025-12-17 16:55:04 [INFO] ExtentReports flushed
2026-01-08 18:48:56 [INFO] ExtentReports initialized at C:\Users\hp\Documents\SELENIUM_WORKSPACE\Saucedemo_Automation_Project/test-output/ExtentReport.html
2026-01-08 18:49:07 [INFO] Browser started and navigated to saucedemo
2026-01-08 18:49:08 [INFO] Starting login test for user standard_user
2026-01-08 18:49:08 [INFO] Entered username: standard_user
2026-01-08 18:49:08 [INFO] Entered password
2026-01-08 18:49:08 [INFO] Clicked login button
2026-01-08 18:49:10 [INFO] Browser closed
2026-01-08 18:49:13 [INFO] Browser started and navigated to saucedemo
2026-01-08 18:49:13 [INFO] Starting login test for user standard_user
2026-01-08 18:49:13 [INFO] Entered username: standard_user
2026-01-08 18:49:14 [INFO] Entered password
2026-01-08 18:49:14 [INFO] Clicked login button
2026-01-08 18:49:15 [INFO] Browser closed
2026-01-08 18:49:18 [INFO] Browser started and navigated to saucedemo
2026-01-08 18:49:18 [INFO] Starting login test for user userdemo
2026-01-08 18:49:19 [INFO] Entered username: userdemo
2026-01-08 18:49:19 [INFO] Entered password
2026-01-08 18:49:19 [INFO] Clicked login button
2026-01-08 18:49:21 [INFO] Browser closed
2026-01-08 18:49:23 [INFO] Browser started and navigated to saucedemo
2026-01-08 18:49:23 [INFO] Starting login test for user userdemo
2026-01-08 18:49:24 [INFO] Entered username: userdemo
2026-01-08 18:49:24 [INFO] Entered password
2026-01-08 18:49:24 [INFO] Clicked login button
2026-01-08 18:49:26 [INFO] Browser closed
2026-01-08 18:49:28 [INFO] Browser started and navigated to saucedemo
2026-01-08 18:49:28 [INFO] Starting login test for user standard_user
2026-01-08 18:49:29 [INFO] Entered username: standard_user
2026-01-08 18:49:29 [INFO] Entered password
2026-01-08 18:49:29 [INFO] Clicked login button
2026-01-08 18:49:31 [INFO] Browser closed
2026-01-08 18:49:34 [INFO] Browser started and navigated to saucedemo
2026-01-08 18:49:34 [INFO] Starting login test for user standard_user
2026-01-08 18:49:34 [INFO] Entered username: standard_user
2026-01-08 18:49:34 [INFO] Entered password
2026-01-08 18:49:35 [INFO] Clicked login button
2026-01-08 18:49:36 [INFO] Browser closed
2026-01-08 18:49:39 [INFO] Browser started and navigated to saucedemo
2026-01-08 18:49:39 [INFO] Starting login test for user userdemo
2026-01-08 18:49:39 [INFO] Entered username: userdemo
2026-01-08 18:49:40 [INFO] Entered password
2026-01-08 18:49:40 [INFO] Clicked login button
2026-01-08 18:49:42 [INFO] Browser closed
2026-01-08 18:49:44 [INFO] Browser started and navigated to saucedemo
2026-01-08 18:49:44 [INFO] Starting login test for user userdemo
2026-01-08 18:49:45 [INFO] Entered username: userdemo
2026-01-08 18:49:45 [INFO] Entered password
2026-01-08 18:49:45 [INFO] Clicked login button
2026-01-08 18:49:47 [INFO] Browser closed
2026-01-08 18:49:47 [INFO] ExtentReports flushed
2026-01-08 19:05:30 [INFO] ExtentReports initialized at C:\Users\hp\Documents\SELENIUM_WORKSPACE\Saucedemo_Automation_Project/test-output/ExtentReport.html
2026-01-08 19:05:37 [INFO] Browser started and navigated to saucedemo
2026-01-08 19:05:37 [INFO] Starting login test for user standard_user
2026-01-08 19:05:38 [INFO] Entered username: standard_user
2026-01-08 19:05:38 [INFO] Entered password
2026-01-08 19:05:38 [INFO] Clicked login button
2026-01-08 19:05:40 [INFO] Browser closed
2026-01-08 19:05:43 [INFO] Browser started and navigated to saucedemo
2026-01-08 19:05:43 [INFO] Starting login test for user standard_user
2026-01-08 19:05:43 [INFO] Entered username: standard_user
2026-01-08 19:05:43 [INFO] Entered password
2026-01-08 19:05:43 [INFO] Clicked login button
2026-01-08 19:05:45 [INFO] Browser closed
2026-01-08 19:05:48 [INFO] Browser started and navigated to saucedemo
2026-01-08 19:05:48 [INFO] Starting login test for user userdemo
2026-01-08 19:05:48 [INFO] Entered username: userdemo
2026-01-08 19:05:48 [INFO] Entered password
2026-01-08 19:05:49 [INFO] Clicked login button
2026-01-08 19:05:50 [INFO] Browser closed
2026-01-08 19:05:53 [INFO] Browser started and navigated to saucedemo
2026-01-08 19:05:53 [INFO] Starting login test for user userdemo
2026-01-08 19:05:53 [INFO] Entered username: userdemo
2026-01-08 19:05:54 [INFO] Entered password
2026-01-08 19:05:54 [INFO] Clicked login button
2026-01-08 19:05:56 [INFO] Browser closed
2026-01-08 19:05:56 [INFO] ExtentReports flushed
